********************************************************************************
DUPLICATOR-LITE PACKAGE-LOG: 22 April, 2019 5:05 am
NOTICE: Do NOT post to public sites or forums 
********************************************************************************
VERSION:	1.3.10
WORDPRESS:	5.0.4
PHP INFO:	7.2.12 | SAPI: apache2handler
SERVER:		Apache/2.4.37 (Win32) OpenSSL/1.1.1 PHP/7.2.12 
PHP TIME LIMIT: (0) no time limit imposed 
PHP MAX MEMORY: 4294967296 (40M default) 
MEMORY STACK: 8MB 

********************************************************************************
DATABASE:
********************************************************************************
BUILD MODE:   MYSQLDUMP
MYSQLTIMEOUT: 5000
MYSQLDUMP:    Is Supported 
SQL CREATED: 20190422_handmade_33e9ad58d372d8cf9324_20190422050412_database.sql 
SQL FILE SIZE: 1.78MB (1867066) 
SQL FILE TIME: 2019-04-22 05:05:47 
SQL RUNTIME: 8.85 sec. 

******************************************************************************** 
ARCHIVE (ZIP): 
******************************************************************************** 
ARCHIVE DIR:  C:/xampp/htdocs/handmade 
ARCHIVE FILE: 20190422_handmade_33e9ad58d372d8cf9324_20190422050412_archive.zip 
FILTERS: *OFF* 
DIRS:
	not set 
FILES:
	not set 
EXTS:  not set 
---------------------------------------- 
COMPRESSING 
SIZE:	113.11MB 
STATS:	Dirs 615 | Files 5,114 
SQL ADDED: 20190422_handmade_33e9ad58d372d8cf9324_20190422050412_database.sql 
ZipArchive Object
(
    [status] => 0
    [statusSys] => 0
    [numFiles] => 5729
    [filename] => C:\xampp\htdocs\handmade\wp-snapshots\tmp\20190422_handmade_33e9ad58d372d8cf9324_20190422050412_archive.zip
    [comment] => 
)
 
FILE ADDED TO ZIP: 5728 
COMPRESSION RESULT: '1' 
COMPRESSED SIZE: 44.05MB 
ARCHIVE RUNTIME: 352.34 sec. 
MEMORY STACK: 10MB 
building installer 
add_extra_files1 
add_extra_files2 
add_extra_files3 
add_extra_files4 
Doing archive file check 
add_extra_files5 
add_extra_files6 
add_extra_files8 
Successfully opened zip C:/xampp/htdocs/handmade/wp-snapshots/tmp/20190422_handmade_33e9ad58d372d8cf9324_20190422050412_archive.zip 
Adding enhanced installer files to archive using ZipArchive 
Installer files added to archive 
Added to archive 
After ziparchive close when adding installer 

******************************************************************************** 
INTEGRITY CHECKS: 
******************************************************************************** 
SQL FILE: 1.78MB 
INSTALLER FILE: 207.32KB 
ARCHIVE FILE: 45.01MB  
EXPECTED FILE/DIRECTORY COUNT: 5,729 
ACTUAL FILE/DIRECTORY COUNT: 5,728 
ARCHIVE CONSISTENCY TEST: Pass 

********************************************************************************
RECORD ID:[1]
TOTAL PROCESS RUNTIME: 379.86 sec.
PEAK PHP MEMORY USED: 10MB
DONE PROCESSING => 20190422_handmade 22 April, 2019 5:11 am
 
